<?xml version="1.0" encoding="UTF-8"?>
<!-- Generated by org.testng.reporters.JUnitReportReporter -->
<testsuite hostname="DESKTOP-84USBRO" failures="0" tests="1" name="tests.LoginTest" time="5.081" errors="0" timestamp="2025-06-25T06:11:59 PDT" skipped="0">
  <testcase classname="tests.LoginTest" name="testValidLogin" time="5.081"/>
</testsuite> <!-- tests.LoginTest -->
