<?xml version="1.0" encoding="UTF-8"?>
<!-- Generated by org.testng.reporters.JUnitReportReporter -->
<testsuite hostname="DESKTOP-84USBRO" failures="0" tests="1" name="tests.LoginTest" time="12.349" errors="0" timestamp="2025-06-25T12:22:46 PDT" skipped="0">
  <testcase classname="tests.LoginTest" name="testValidLogin" time="12.349"/>
</testsuite> <!-- tests.LoginTest -->
